<?xml version="1.0" encoding="UTF-8"?>
<testng-results skipped="0" failed="0" ignored="0" total="2" passed="2">
  <reporter-output>
  </reporter-output>
  <suite name="Default suite" duration-ms="130" started-at="2018-04-23T17:24:31Z" finished-at="2018-04-23T17:24:31Z">
    <groups>
    </groups>
    <test name="Default test" duration-ms="130" started-at="2018-04-23T17:24:31Z" finished-at="2018-04-23T17:24:31Z">
      <class name="practice.proofpoint">
        <test-method status="PASS" signature="testCases_inValid()[pri:0, instance:practice.proofpoint@2b98378d]" name="testCases_inValid" duration-ms="25" started-at="2018-04-23T17:24:31Z" finished-at="2018-04-23T17:24:31Z">
          <reporter-output>
          </reporter-output>
        </test-method> <!-- testCases_inValid -->
        <test-method status="PASS" signature="testCases_valid()[pri:0, instance:practice.proofpoint@2b98378d]" name="testCases_valid" duration-ms="15" started-at="2018-04-23T17:24:31Z" finished-at="2018-04-23T17:24:31Z">
          <reporter-output>
          </reporter-output>
        </test-method> <!-- testCases_valid -->
      </class> <!-- practice.proofpoint -->
    </test> <!-- Default test -->
  </suite> <!-- Default suite -->
</testng-results>
